<?xml version="1.0" encoding="UTF-8"?>
<!-- Generated by org.testng.reporters.JUnitReportReporter -->
<testsuite skipped="0" hostname="acs-PC" name="basharsoft.task.FirstScript" tests="1" failures="0" timestamp="2019-09-07T13:25:46 GMT+02:00" time="18.669" errors="0">
  <testcase name="script" time="18.669" classname="basharsoft.task.FirstScript"/>
</testsuite> <!-- basharsoft.task.FirstScript -->
